This is pdfTeX, Version 3.14159-1.10b (Web2C 7.4.5) (format=pdflatex 2006.7.28)  23 OCT 2006 17:33
**tesis.tex
(./tesis.tex{/usr/share/texmf/pdftex/config/pdftex.cfg}
LaTeX2e <2001/06/01>
Babel <v3.7h> and hyphenation patterns for american, french, german, ngerman, n
ohyphenation, loaded.
(/usr/share/texmf/tex/latex/base/report.cls
Document Class: report 2001/04/21 v1.4e Standard LaTeX document class
(/usr/share/texmf/tex/latex/base/size12.clo
File: size12.clo 2001/04/21 v1.4e Standard LaTeX file (size option)
)
\c@part=\count79
\c@chapter=\count80
\c@section=\count81
\c@subsection=\count82
\c@subsubsection=\count83
\c@paragraph=\count84
\c@subparagraph=\count85
\c@figure=\count86
\c@table=\count87
\abovecaptionskip=\skip41
\belowcaptionskip=\skip42
\bibindent=\dimen102
)
(/usr/share/texmf/tex/generic/babel/babel.sty
Package: babel 2001/03/01 v3.7h The Babel package

(/usr/share/texmf/tex/generic/babel/spanish.ldf
Language: spanish.ldf 2001/01/30 v4.1c Spanish support from the babel system

(/usr/share/texmf/tex/generic/babel/babel.def
File: babel.def 2001/03/01 v3.7h Babel common definitions
\babel@savecnt=\count88
\U@D=\dimen103
)

Package babel Warning: No hyphenation patterns were loaded for
(babel)                the language `Spanish'
(babel)                I will use the patterns loaded for \language=0 instead.

\l@spanish = a dialect from \language0
\es@quottoks=\toks14
\es@quotdepth=\count89
Package babel Info: Making . an active character on input line 464.
Package babel Info: Making " an active character on input line 495.
Package babel Info: Making < an active character on input line 581.
Package babel Info: Making > an active character on input line 582.
)) (/usr/share/texmf/tex/latex/base/inputenc.sty
Package: inputenc 2001/07/10 v0.99a Input encoding file 

(/usr/share/texmf/tex/latex/base/latin1.def
File: latin1.def 2001/07/10 v0.99a Input encoding file 
))
(/usr/share/texmf/tex/latex/graphics/color.sty
Package: color 1999/02/16 v1.0i Standard LaTeX Color (DPC)

(/usr/share/texmf/tex/latex/config/color.cfg
File: color.cfg 2001/08/31 v1.1 color configuration of teTeX/TeXLive
)
Package color Info: Driver file: pdftex.def on input line 125.

(/usr/share/texmf/tex/latex/graphics/pdftex.def
File: pdftex.def 2002/06/19 v0.03k graphics/color for pdftex
\Gread@gobject=\count90
))
(/usr/share/texmf/tex/latex/graphics/graphicx.sty
Package: graphicx 1999/02/16 v1.0f Enhanced LaTeX Graphics (DPC,SPQR)

(/usr/share/texmf/tex/latex/graphics/keyval.sty
Package: keyval 1999/03/16 v1.13 key=value parser (DPC)
\KV@toks@=\toks15
)
(/usr/share/texmf/tex/latex/graphics/graphics.sty
Package: graphics 2001/07/07 v1.0n Standard LaTeX Graphics (DPC,SPQR)

(/usr/share/texmf/tex/latex/graphics/trig.sty
Package: trig 1999/03/16 v1.09 sin cos tan (DPC)
)
(/usr/share/texmf/tex/latex/config/graphics.cfg
File: graphics.cfg 2001/08/31 v1.1 graphics configuration of teTeX/TeXLive
)
Package graphics Info: Driver file: pdftex.def on input line 80.
)
\Gin@req@height=\dimen104
\Gin@req@width=\dimen105
)
(/usr/share/texmf/tex/latex/multirow/multirow.sty
\bigstrutjot=\dimen106
) (./tesis.aux (./portada.aux) (./subportada.aux) (./introduccion.aux) (./tema.
aux) (./problema.aux)
(./objetivos.aux) (./justificacion.aux) (./mteorico.aux) (./funciones.aux)
(./desarrollo.aux) (./secuencias2.aux) (./secuencias3.aux)
(./colaboraciones.aux) (./clases.aux) (./paquetes.aux) (./descripcion.aux)
(./pruebas.aux) (./conclusiones.aux))
\openout1 = `tesis.aux'.

LaTeX Font Info:    Checking defaults for OML/cmm/m/it on input line 15.
LaTeX Font Info:    ... okay on input line 15.
LaTeX Font Info:    Checking defaults for T1/cmr/m/n on input line 15.
LaTeX Font Info:    ... okay on input line 15.
LaTeX Font Info:    Checking defaults for OT1/cmr/m/n on input line 15.
LaTeX Font Info:    ... okay on input line 15.
LaTeX Font Info:    Checking defaults for OMS/cmsy/m/n on input line 15.
LaTeX Font Info:    ... okay on input line 15.
LaTeX Font Info:    Checking defaults for OMX/cmex/m/n on input line 15.
LaTeX Font Info:    ... okay on input line 15.
LaTeX Font Info:    Checking defaults for U/cmr/m/n on input line 15.
LaTeX Font Info:    ... okay on input line 15.

(/usr/share/texmf/tex/context/base/supp-pdf.tex
(/usr/share/texmf/tex/context/base/supp-mis.tex
loading : Context Support Macros / Missing
\protectiondepth=\count91
\scratchcounter=\count92
\scratchtoks=\toks16
\scratchdimen=\dimen107
\scratchskip=\skip43
\scratchmuskip=\muskip10
\scratchbox=\box26
\scratchread=\read1
\scratchwrite=\write3
\zeropoint=\dimen108
\minusone=\count93
\thousandpoint=\dimen109
\emptytoks=\toks17
\nextbox=\box27
\nextdepth=\dimen110
\everyline=\toks18
\!!counta=\count94
\!!countb=\count95
\recursecounter=\count96
)
loading : Context Support Macros / PDF
\nofMPsegments=\count97
\nofMParguments=\count98
\everyMPtoPDFconversion=\toks19
) (./tesis.toc
LaTeX Font Info:    External font `cmex10' loaded for size
(Font)              <12> on input line 4.
LaTeX Font Info:    External font `cmex10' loaded for size
(Font)              <8> on input line 4.
LaTeX Font Info:    External font `cmex10' loaded for size
(Font)              <6> on input line 4.
 [3




{/usr/share/texmf/dvips/config/pdftex.map}])
\tf@toc=\write4
\openout4 = `tesis.toc'.

 [4]
\openout2 = `pruebas.aux'.


(./pruebas.tex
Cap\'{\i }tulo 8.

Underfull \hbox (badness 10000) in paragraph at lines 4--13

 []


Underfull \hbox (badness 10000) in paragraph at lines 4--13

 []


Underfull \hbox (badness 10000) in paragraph at lines 20--20
[]/cmbx12/Numero de
 []


Underfull \hbox (badness 10000) in paragraph at lines 20--20
[]/cmbx12/Numero de
 []


Underfull \hbox (badness 10000) in paragraph at lines 21--21
[]/cmbx12/Promedio
 []


Underfull \hbox (badness 10000) in paragraph at lines 21--21
/cmbx12/items por
 []


Underfull \hbox (badness 10000) in paragraph at lines 28--36

 []

[147
















] <images/bd85kt7.png, id=17, 364.36125pt x 273.02pt>
File: images/bd85kt7.png Graphic file (type png)

<use images/bd85kt7.png>

LaTeX Warning: `h' float specifier changed to `ht'.

[148 <./images/bd85kt7.png>]
<images/bd40kt5.png, id=21, 363.3575pt x 272.01625pt>
File: images/bd40kt5.png Graphic file (type png)
 <use images/bd40kt5.png>
[149 <./images/bd40kt5.png>]
<images/bd10kt10.png, id=25, 364.36125pt x 275.0275pt>
File: images/bd10kt10.png Graphic file (type png)

<use images/bd10kt10.png> [150 <./images/bd10kt10.png>]
<images/bd85kt72.png, id=29, 361.35pt x 273.02pt>
File: images/bd85kt72.png Graphic file (type png)
 <use images/bd85kt72.png>
[151 <./images/bd85kt72.png>]
<images/bd40kt52.png, id=34, 364.36125pt x 274.02374pt>
File: images/bd40kt52.png Graphic file (type png)

<use images/bd40kt52.png> [152 <./images/bd40kt52.png>]
<images/bd10kt102.png, id=38, 365.365pt x 276.03125pt>
File: images/bd10kt102.png Graphic file (type png)

<use images/bd10kt102.png>) [153 <./images/bd10kt102.png>] (./tesis.bbl
Underfull \hbox (badness 10000) in paragraph at lines 59--62
[]/cmr12/IBM Cor-po-ra-tion.  In-tel-li-gent min-er.  http://www-
 []


Underfull \hbox (badness 6268) in paragraph at lines 64--70
[]/cmr12/J Dem-sar and B Zu-pan.  Or-ange: From ex-per-i-men-tal ma-chine
 []


Underfull \hbox (badness 3536) in paragraph at lines 64--70
/cmr12/learn-ing to in-ter-ac-tive da-ta min-ing.  Tech-ni-cal re-port, Fac-ul-
ty of
 []


Underfull \hbox (badness 1810) in paragraph at lines 64--70
/cmr12/Com-put-er and In-for-ma-tion Sci-ence, Uni-ver-si-ty of Li-ubliana, Slo
ve-nia,
 []

[157



]
Underfull \hbox (badness 10000) in paragraph at lines 83--86
[]/cmr12/Waikato ML Group.  Attribute-relation file for-mat (arff).
 []


Underfull \hbox (badness 10000) in paragraph at lines 88--91
[]/cmr12/Waikato ML Group.  Col-lec-tions of datasets.  $/cmmi12/http /cmr12/:
 []

[158]
Overfull \hbox (41.96426pt too wide) in paragraph at lines 142--145
[]/cmr12/Java His-pano.  El abc de jd-bc.  http://javahispano.org/tutorials.typ
e.action?type=j2se,
 []


Underfull \hbox (badness 10000) in paragraph at lines 188--191
[]/cmr12/Faculty of Com-put-er and Slove-nia In-for-ma-tion Sci-ence,
 []


Underfull \hbox (badness 10000) in paragraph at lines 188--191
/cmr12/Uni-ver-si-ty of Li-ubliana.  Or-ange's in-ter-face to mysql.
 []


Underfull \hbox (badness 10000) in paragraph at lines 193--196
[]/cmr12/Goverment of Hong Kong.  In-no-va-tion and tech-nol-o-gy fund.
 []

[159]
Underfull \hbox (badness 10000) in paragraph at lines 241--245
[]/cmr12/Information Tech-nol-o-gy The Uni-ver-si-ty of Al-aba-ma in
 []


Underfull \hbox (badness 10000) in paragraph at lines 241--245
/cmr12/Huntsville and Sys-tems Cen-ter.  Adam 4.0.2 com-po-nents.
 []


Underfull \hbox (badness 7685) in paragraph at lines 247--251
[]/cmr12/Information Tech-nol-o-gy The Uni-ver-si-ty of Al-aba-ma in Huntsville

 []


Underfull \hbox (badness 3623) in paragraph at lines 247--251
/cmr12/and Sys-tems Cen-ter.  Al-go-rithm de-vel-op-ment and min-ing sys-tem.
 []

[160]) [161] (./tesis.aux (./portada.aux) (./subportada.aux)
(./introduccion.aux) (./tema.aux) (./problema.aux) (./objetivos.aux)
(./justificacion.aux) (./mteorico.aux) (./funciones.aux) (./desarrollo.aux)
(./secuencias2.aux) (./secuencias3.aux) (./colaboraciones.aux) (./clases.aux)
(./paquetes.aux) (./descripcion.aux) (./pruebas.aux) (./conclusiones.aux)) ) 
Here is how much of TeX's memory you used:
 1787 strings out of 95437
 21443 string characters out of 1190233
 79095 words of memory out of 1000001
 4700 multiletter control sequences out of 10000+50000
 8594 words of font info for 30 fonts, out of 500000 for 1000
 14 hyphenation exceptions out of 1000
 25i,8n,25p,209b,398s stack positions out of 1500i,500n,5000p,200000b,5000s
 69 PDF objects out of 300000
 0 named destinations out of 131072
 30 words of extra memory for PDF output out of 65536
{/u
sr/share/texmf/dvips/tetex/aae443f0.enc}</usr/share/texmf/fonts/type1/bluesky/c
m/cmmi8.pfb></usr/share/texmf/fonts/type1/bluesky/cm/cmmi12.pfb>{/usr/share/tex
mf/dvips/tetex/74afc74c.enc}</usr/share/texmf/fonts/type1/bluesky/cm/cmti8.pfb>
</usr/share/texmf/fonts/type1/bluesky/cm/cmti12.pfb>{/usr/share/texmf/dvips/tet
ex/f7b6d320.enc}</usr/share/texmf/fonts/type1/bluesky/cm/cmr12.pfb></usr/share/
texmf/fonts/type1/bluesky/cm/cmbx12.pfb>
Output written on tesis.pdf (14 pages, 120796 bytes).
