This is pdfeTeX, Version 3.141592-1.21a-2.2 (Web2C 7.5.4) (format=latex 2006.9.3)  5 OCT 2006 23:32
entering extended mode
**clases.tex
(./clases.tex
LaTeX2e <2003/12/01>
Babel <v3.8d> and hyphenation patterns for american, french, german, ngerman, b
ahasa, basque, bulgarian, catalan, croatian, czech, danish, dutch, esperanto, e
stonian, finnish, greek, icelandic, irish, italian, latin, magyar, norsk, polis
h, portuges, romanian, russian, serbian, slovak, slovene, spanish, swedish, tur
kish, ukrainian, nohyphenation, loaded.
(/usr/share/texmf/tex/latex/base/report.cls
Document Class: report 2004/02/16 v1.4f Standard LaTeX document class
(/usr/share/texmf/tex/latex/base/size12.clo
File: size12.clo 2004/02/16 v1.4f Standard LaTeX file (size option)
)
\c@part=\count79
\c@chapter=\count80
\c@section=\count81
\c@subsection=\count82
\c@subsubsection=\count83
\c@paragraph=\count84
\c@subparagraph=\count85
\c@figure=\count86
\c@table=\count87
\abovecaptionskip=\skip41
\belowcaptionskip=\skip42
\bibindent=\dimen102
)
(/usr/share/texmf/tex/latex/graphics/graphicx.sty
Package: graphicx 1999/02/16 v1.0f Enhanced LaTeX Graphics (DPC,SPQR)

(/usr/share/texmf/tex/latex/graphics/keyval.sty
Package: keyval 1999/03/16 v1.13 key=value parser (DPC)
\KV@toks@=\toks14
)
(/usr/share/texmf/tex/latex/graphics/graphics.sty
Package: graphics 2001/07/07 v1.0n Standard LaTeX Graphics (DPC,SPQR)

(/usr/share/texmf/tex/latex/graphics/trig.sty
Package: trig 1999/03/16 v1.09 sin cos tan (DPC)
)
(/usr/share/texmf/tex/latex/graphics/graphics.cfg
File: graphics.cfg 2005/02/03 v1.3 graphics configuration of teTeX/TeXLive
)
Package graphics Info: Driver file: pdftex.def on input line 80.

(/usr/share/texmf/tex/latex/graphics/pdftex.def
File: pdftex.def 2002/06/19 v0.03k graphics/color for pdftex
\Gread@gobject=\count88
))
\Gin@req@height=\dimen103
\Gin@req@width=\dimen104
)
(/usr/share/texmf/tex/generic/babel/babel.sty
Package: babel 2004/11/20 v3.8d The Babel package

(/usr/share/texmf/tex/generic/babel/spanish.ldf
Language: spanish.ldf 2004/02/20 v4.2b Spanish support from the babel system

(/usr/share/texmf/tex/generic/babel/babel.def
File: babel.def 2004/11/20 v3.8d Babel common definitions
\babel@savecnt=\count89
\U@D=\dimen105
)
\es@quottoks=\toks15
\es@quotdepth=\count90
Package babel Info: Making . an active character on input line 509.
Package babel Info: Making " an active character on input line 540.
Package babel Info: Making < an active character on input line 641.
Package babel Info: Making > an active character on input line 642.
))
(/usr/share/texmf/tex/latex/base/inputenc.sty
Package: inputenc 2004/02/05 v1.0d Input encoding file

(/usr/share/texmf/tex/latex/base/latin1.def
File: latin1.def 2004/02/05 v1.0d Input encoding file
)) (./clases.aux)
\openout1 = `clases.aux'.

LaTeX Font Info:    Checking defaults for OML/cmm/m/it on input line 7.
LaTeX Font Info:    ... okay on input line 7.
LaTeX Font Info:    Checking defaults for T1/cmr/m/n on input line 7.
LaTeX Font Info:    ... okay on input line 7.
LaTeX Font Info:    Checking defaults for OT1/cmr/m/n on input line 7.
LaTeX Font Info:    ... okay on input line 7.
LaTeX Font Info:    Checking defaults for OMS/cmsy/m/n on input line 7.
LaTeX Font Info:    ... okay on input line 7.
LaTeX Font Info:    Checking defaults for OMX/cmex/m/n on input line 7.
LaTeX Font Info:    ... okay on input line 7.
LaTeX Font Info:    Checking defaults for U/cmr/m/n on input line 7.
LaTeX Font Info:    ... okay on input line 7.

(/usr/share/texmf/tex/context/base/supp-pdf.tex
(/usr/share/texmf/tex/context/base/supp-mis.tex
loading : Context Support Macros / Miscellaneous (2004.10.26)
\protectiondepth=\count91
\scratchcounter=\count92
\scratchtoks=\toks16
\scratchdimen=\dimen106
\scratchskip=\skip43
\scratchmuskip=\muskip10
\scratchbox=\box26
\scratchread=\read1
\scratchwrite=\write3
\zeropoint=\dimen107
\onepoint=\dimen108
\onebasepoint=\dimen109
\minusone=\count93
\thousandpoint=\dimen110
\onerealpoint=\dimen111
\emptytoks=\toks17
\nextbox=\box27
\nextdepth=\dimen112
\everyline=\toks18
\!!counta=\count94
\!!countb=\count95
\recursecounter=\count96
)
loading : Context Support Macros / PDF (2004.03.26)
\nofMPsegments=\count97
\nofMParguments=\count98
\MPscratchCnt=\count99
\MPscratchDim=\dimen113
\MPnumerator=\count100
\everyMPtoPDFconversion=\toks19
)
Cap\'{\i }tulo 1.
<KnowledgeFlow.png, id=1, 1615.03375pt x 1343.0175pt>
File: KnowledgeFlow.png Graphic file (type png)
 <use KnowledgeFlow.png>
Overfull \hbox (55.92595pt too wide) in paragraph at lines 14--15
 [][] 
 []

[1


{/usr/share/texmf-var/fonts/map/pdftex/updmap/pdftex.map}] [2 <./KnowledgeFlow.
png>] <Utils.png, id=18, 1350.04375pt x 1746.525pt>
File: Utils.png Graphic file (type png)
 <use Utils.png>
<FPGrowth.png, id=19, 915.42pt x 1228.59pt>
File: FPGrowth.png Graphic file (type png)
 <use FPGrowth.png>
<EquipAsso.png, id=20, 1959.32pt x 1081.03876pt>
File: EquipAsso.png Graphic file (type png)
 <use EquipAsso.png>
<Mate.png, id=21, 1325.95375pt x 978.65625pt>
File: Mate.png Graphic file (type png)
 <use Mate.png>
<c45c.png, id=22, 1935.23pt x 1674.255pt>
File: c45c.png Graphic file (type png)
 <use c45c.png>
Overfull \hbox (55.9236pt too wide) in paragraph at lines 49--50
 [][] 
 []

[3 <./Utils.png>] [4 <./FPGrowth.png>] [5 <./EquipAsso.png>] [6 <./Mate.png>]
[7 <./c45c.png>] (./clases.aux) ) 
Here is how much of TeX's memory you used:
 1513 strings out of 94501
 18085 string characters out of 1173693
 71269 words of memory out of 1000000
 4712 multiletter control sequences out of 10000+50000
 4896 words of font info for 18 fonts, out of 500000 for 2000
 580 hyphenation exceptions out of 1000
 25i,6n,25p,222b,282s stack positions out of 1500i,500n,5000p,200000b,5000s
PDF statistics:
 38 PDF objects out of 300000
 0 named destinations out of 131072
 31 words of extra memory for PDF output out of 65536
</usr/share/texmf/fonts/type1/bluesky/cm/cmsl1
2.pfb></usr/share/texmf/fonts/type1/bluesky/cm/cmr12.pfb></usr/share/texmf/font
s/type1/bluesky/cm/cmbx12.pfb>
Output written on clases.pdf (7 pages, 984880 bytes).
