This is pdfeTeX, Version 3.141592-1.21a-2.2 (Web2C 7.5.4) (format=latex 2006.9.3)  4 OCT 2006 23:08
entering extended mode
**secuencias2.tex
(./secuencias2.tex
LaTeX2e <2003/12/01>
Babel <v3.8d> and hyphenation patterns for american, french, german, ngerman, b
ahasa, basque, bulgarian, catalan, croatian, czech, danish, dutch, esperanto, e
stonian, finnish, greek, icelandic, irish, italian, latin, magyar, norsk, polis
h, portuges, romanian, russian, serbian, slovak, slovene, spanish, swedish, tur
kish, ukrainian, nohyphenation, loaded.
(/usr/share/texmf/tex/latex/base/report.cls
Document Class: report 2004/02/16 v1.4f Standard LaTeX document class
(/usr/share/texmf/tex/latex/base/size12.clo
File: size12.clo 2004/02/16 v1.4f Standard LaTeX file (size option)
)
\c@part=\count79
\c@chapter=\count80
\c@section=\count81
\c@subsection=\count82
\c@subsubsection=\count83
\c@paragraph=\count84
\c@subparagraph=\count85
\c@figure=\count86
\c@table=\count87
\abovecaptionskip=\skip41
\belowcaptionskip=\skip42
\bibindent=\dimen102
)
(/usr/share/texmf/tex/latex/graphics/graphicx.sty
Package: graphicx 1999/02/16 v1.0f Enhanced LaTeX Graphics (DPC,SPQR)

(/usr/share/texmf/tex/latex/graphics/keyval.sty
Package: keyval 1999/03/16 v1.13 key=value parser (DPC)
\KV@toks@=\toks14
)
(/usr/share/texmf/tex/latex/graphics/graphics.sty
Package: graphics 2001/07/07 v1.0n Standard LaTeX Graphics (DPC,SPQR)

(/usr/share/texmf/tex/latex/graphics/trig.sty
Package: trig 1999/03/16 v1.09 sin cos tan (DPC)
)
(/usr/share/texmf/tex/latex/graphics/graphics.cfg
File: graphics.cfg 2005/02/03 v1.3 graphics configuration of teTeX/TeXLive
)
Package graphics Info: Driver file: pdftex.def on input line 80.

(/usr/share/texmf/tex/latex/graphics/pdftex.def
File: pdftex.def 2002/06/19 v0.03k graphics/color for pdftex
\Gread@gobject=\count88
))
\Gin@req@height=\dimen103
\Gin@req@width=\dimen104
)
(/usr/share/texmf/tex/generic/babel/babel.sty
Package: babel 2004/11/20 v3.8d The Babel package

(/usr/share/texmf/tex/generic/babel/spanish.ldf
Language: spanish.ldf 2004/02/20 v4.2b Spanish support from the babel system

(/usr/share/texmf/tex/generic/babel/babel.def
File: babel.def 2004/11/20 v3.8d Babel common definitions
\babel@savecnt=\count89
\U@D=\dimen105
)
\es@quottoks=\toks15
\es@quotdepth=\count90
Package babel Info: Making . an active character on input line 509.
Package babel Info: Making " an active character on input line 540.
Package babel Info: Making < an active character on input line 641.
Package babel Info: Making > an active character on input line 642.
))
(/usr/share/texmf/tex/latex/base/inputenc.sty
Package: inputenc 2004/02/05 v1.0d Input encoding file

(/usr/share/texmf/tex/latex/base/latin1.def
File: latin1.def 2004/02/05 v1.0d Input encoding file
)) (./secuencias2.aux)
\openout1 = `secuencias2.aux'.

LaTeX Font Info:    Checking defaults for OML/cmm/m/it on input line 7.
LaTeX Font Info:    ... okay on input line 7.
LaTeX Font Info:    Checking defaults for T1/cmr/m/n on input line 7.
LaTeX Font Info:    ... okay on input line 7.
LaTeX Font Info:    Checking defaults for OT1/cmr/m/n on input line 7.
LaTeX Font Info:    ... okay on input line 7.
LaTeX Font Info:    Checking defaults for OMS/cmsy/m/n on input line 7.
LaTeX Font Info:    ... okay on input line 7.
LaTeX Font Info:    Checking defaults for OMX/cmex/m/n on input line 7.
LaTeX Font Info:    ... okay on input line 7.
LaTeX Font Info:    Checking defaults for U/cmr/m/n on input line 7.
LaTeX Font Info:    ... okay on input line 7.

(/usr/share/texmf/tex/context/base/supp-pdf.tex
(/usr/share/texmf/tex/context/base/supp-mis.tex
loading : Context Support Macros / Miscellaneous (2004.10.26)
\protectiondepth=\count91
\scratchcounter=\count92
\scratchtoks=\toks16
\scratchdimen=\dimen106
\scratchskip=\skip43
\scratchmuskip=\muskip10
\scratchbox=\box26
\scratchread=\read1
\scratchwrite=\write3
\zeropoint=\dimen107
\onepoint=\dimen108
\onebasepoint=\dimen109
\minusone=\count93
\thousandpoint=\dimen110
\onerealpoint=\dimen111
\emptytoks=\toks17
\nextbox=\box27
\nextdepth=\dimen112
\everyline=\toks18
\!!counta=\count94
\!!countb=\count95
\recursecounter=\count96
)
loading : Context Support Macros / PDF (2004.03.26)
\nofMPsegments=\count97
\nofMParguments=\count98
\MPscratchCnt=\count99
\MPscratchDim=\dimen113
\MPnumerator=\count100
\everyMPtoPDFconversion=\toks19
)
Cap\'{\i }tulo 1.
<FPGrowth/findNode.png, id=1, 958.58125pt x 457.71pt>
File: FPGrowth/findNode.png Graphic file (type png)

<use FPGrowth/findNode.png>
<FPGrowth/buildFrequentsNodes.png, id=2, 509.905pt x 899.36pt>
File: FPGrowth/buildFrequentsNodes.png Graphic file (type png)

<use FPGrowth/buildFrequentsNodes.png>

LaTeX Warning: Float too large for page by 15.67545pt on input line 24.

<FPGrowth/run.png, id=3, 880.28876pt x 850.17625pt>
File: FPGrowth/run.png Graphic file (type png)
 <use FPGrowth/run.png>
<AvlTree/compareItemSet.png, id=4, 921.4425pt x 573.14125pt>
File: AvlTree/compareItemSet.png Graphic file (type png)

<use AvlTree/compareItemSet.png>
<AvlTree/find.png, id=5, 658.46pt x 541.02126pt>
File: AvlTree/find.png Graphic file (type png)
 <use AvlTree/find.png>
<AvlTree/doubleWithRightChild.png, id=6, 425.59pt x 356.33125pt>
File: AvlTree/doubleWithRightChild.png Graphic file (type png)

<use AvlTree/doubleWithRightChild.png>
<AvlTree/doubleWithLeftChild.png, id=7, 425.59pt x 356.33125pt>
File: AvlTree/doubleWithLeftChild.png Graphic file (type png)

<use AvlTree/doubleWithLeftChild.png>
<Transaction/loadItemsets2.png, id=8, 1688.3075pt x 906.38625pt>
File: Transaction/loadItemsets2.png Graphic file (type png)

<use Transaction/loadItemsets2.png>
<Transaction/loadItemsets.png, id=9, 1115.16624pt x 858.20625pt>
File: Transaction/loadItemsets.png Graphic file (type png)

<use Transaction/loadItemsets.png>
Overfull \hbox (6.0368pt too wide) in paragraph at lines 75--76
 [][] 
 []

<Transaction/sortByItem.png, id=10, 568.1225pt x 237.88875pt>
File: Transaction/sortByItem.png Graphic file (type png)

<use Transaction/sortByItem.png>
<Transaction/sortBySupport.png, id=11, 684.5575pt x 388.45125pt>
File: Transaction/sortBySupport.png Graphic file (type png)

<use Transaction/sortBySupport.png>
<NodeF/getBranch.png, id=12, 670.505pt x 352.31625pt>
File: NodeF/getBranch.png Graphic file (type png)

<use NodeF/getBranch.png> <NodeF/getPath.png, id=13, 662.475pt x 549.05125pt>
File: NodeF/getPath.png Graphic file (type png)

<use NodeF/getPath.png>
<NodeNoF/findBro.png, id=14, 1343.0175pt x 795.97375pt>
File: NodeNoF/findBro.png Graphic file (type png)

<use NodeNoF/findBro.png>

LaTeX Warning: Float too large for page by 17.21632pt on input line 118.

<NodeNoF/getChild.png, id=15, 713.66624pt x 225.84375pt>
File: NodeNoF/getChild.png Graphic file (type png)

<use NodeNoF/getChild.png>
<NodeNoF/getIndexOfChild.png, id=16, 773.89125pt x 388.45125pt>
File: NodeNoF/getIndexOfChild.png Graphic file (type png)

<use NodeNoF/getIndexOfChild.png> [1

{/usr/share/texmf-var/fonts/map/pdftex/updmap/pdftex.map} <./FPGrowth/findNode.
png>] [2 <./FPGrowth/buildFrequentsNodes.png>] [3 <./FPGrowth/run.png>] [4 <./A
vlTree/compareItemSet.png>] [5 <./AvlTree/find.png>] [6 <./AvlTree/doubleWithRi
ghtChild.png> <./AvlTree/doubleWithLeftChild.png>] [7 <./Transaction/loadItemse
ts2.png>] [8 <./Transaction/loadItemsets.png>] [9 <./Transaction/sortByItem.png
> <./Transaction/sortBySupport.png>]
[10 <./NodeF/getBranch.png> <./NodeF/getPath.png>] [11 <./NodeNoF/findBro.png>]
[12 <./NodeNoF/getChild.png> <./NodeNoF/getIndexOfChild.png>]
(./secuencias2.aux) ) 
Here is how much of TeX's memory you used:
 1542 strings out of 94501
 19631 string characters out of 1173693
 73243 words of memory out of 1000000
 4727 multiletter control sequences out of 10000+50000
 5150 words of font info for 19 fonts, out of 500000 for 2000
 580 hyphenation exceptions out of 1000
 25i,6n,25p,227b,213s stack positions out of 1500i,500n,5000p,200000b,5000s
PDF statistics:
 60 PDF objects out of 300000
 0 named destinations out of 131072
 81 words of extra memory for PDF output out of 65536
</usr/share/texmf/fonts/type1/bluesky/cm/cmr12.pfb></usr/s
hare/texmf/fonts/type1/bluesky/cm/cmbx12.pfb>
Output written on secuencias2.pdf (12 pages, 263124 bytes).
