This is pdfeTeX, Version 3.141592-1.21a-2.2 (Web2C 7.5.4) (format=latex 2006.9.3)  5 OCT 2006 10:12
entering extended mode
**secuencias3.tex
(./secuencias3.tex
LaTeX2e <2003/12/01>
Babel <v3.8d> and hyphenation patterns for american, french, german, ngerman, b
ahasa, basque, bulgarian, catalan, croatian, czech, danish, dutch, esperanto, e
stonian, finnish, greek, icelandic, irish, italian, latin, magyar, norsk, polis
h, portuges, romanian, russian, serbian, slovak, slovene, spanish, swedish, tur
kish, ukrainian, nohyphenation, loaded.
(/usr/share/texmf/tex/latex/base/report.cls
Document Class: report 2004/02/16 v1.4f Standard LaTeX document class
(/usr/share/texmf/tex/latex/base/size12.clo
File: size12.clo 2004/02/16 v1.4f Standard LaTeX file (size option)
)
\c@part=\count79
\c@chapter=\count80
\c@section=\count81
\c@subsection=\count82
\c@subsubsection=\count83
\c@paragraph=\count84
\c@subparagraph=\count85
\c@figure=\count86
\c@table=\count87
\abovecaptionskip=\skip41
\belowcaptionskip=\skip42
\bibindent=\dimen102
)
(/usr/share/texmf/tex/latex/graphics/graphicx.sty
Package: graphicx 1999/02/16 v1.0f Enhanced LaTeX Graphics (DPC,SPQR)

(/usr/share/texmf/tex/latex/graphics/keyval.sty
Package: keyval 1999/03/16 v1.13 key=value parser (DPC)
\KV@toks@=\toks14
)
(/usr/share/texmf/tex/latex/graphics/graphics.sty
Package: graphics 2001/07/07 v1.0n Standard LaTeX Graphics (DPC,SPQR)

(/usr/share/texmf/tex/latex/graphics/trig.sty
Package: trig 1999/03/16 v1.09 sin cos tan (DPC)
)
(/usr/share/texmf/tex/latex/graphics/graphics.cfg
File: graphics.cfg 2005/02/03 v1.3 graphics configuration of teTeX/TeXLive
)
Package graphics Info: Driver file: pdftex.def on input line 80.

(/usr/share/texmf/tex/latex/graphics/pdftex.def
File: pdftex.def 2002/06/19 v0.03k graphics/color for pdftex
\Gread@gobject=\count88
))
\Gin@req@height=\dimen103
\Gin@req@width=\dimen104
)
(/usr/share/texmf/tex/generic/babel/babel.sty
Package: babel 2004/11/20 v3.8d The Babel package

(/usr/share/texmf/tex/generic/babel/spanish.ldf
Language: spanish.ldf 2004/02/20 v4.2b Spanish support from the babel system

(/usr/share/texmf/tex/generic/babel/babel.def
File: babel.def 2004/11/20 v3.8d Babel common definitions
\babel@savecnt=\count89
\U@D=\dimen105
)
\es@quottoks=\toks15
\es@quotdepth=\count90
Package babel Info: Making . an active character on input line 509.
Package babel Info: Making " an active character on input line 540.
Package babel Info: Making < an active character on input line 641.
Package babel Info: Making > an active character on input line 642.
))
(/usr/share/texmf/tex/latex/base/inputenc.sty
Package: inputenc 2004/02/05 v1.0d Input encoding file

(/usr/share/texmf/tex/latex/base/latin1.def
File: latin1.def 2004/02/05 v1.0d Input encoding file
)) (./secuencias3.aux)
\openout1 = `secuencias3.aux'.

LaTeX Font Info:    Checking defaults for OML/cmm/m/it on input line 7.
LaTeX Font Info:    ... okay on input line 7.
LaTeX Font Info:    Checking defaults for T1/cmr/m/n on input line 7.
LaTeX Font Info:    ... okay on input line 7.
LaTeX Font Info:    Checking defaults for OT1/cmr/m/n on input line 7.
LaTeX Font Info:    ... okay on input line 7.
LaTeX Font Info:    Checking defaults for OMS/cmsy/m/n on input line 7.
LaTeX Font Info:    ... okay on input line 7.
LaTeX Font Info:    Checking defaults for OMX/cmex/m/n on input line 7.
LaTeX Font Info:    ... okay on input line 7.
LaTeX Font Info:    Checking defaults for U/cmr/m/n on input line 7.
LaTeX Font Info:    ... okay on input line 7.

(/usr/share/texmf/tex/context/base/supp-pdf.tex
(/usr/share/texmf/tex/context/base/supp-mis.tex
loading : Context Support Macros / Miscellaneous (2004.10.26)
\protectiondepth=\count91
\scratchcounter=\count92
\scratchtoks=\toks16
\scratchdimen=\dimen106
\scratchskip=\skip43
\scratchmuskip=\muskip10
\scratchbox=\box26
\scratchread=\read1
\scratchwrite=\write3
\zeropoint=\dimen107
\onepoint=\dimen108
\onebasepoint=\dimen109
\minusone=\count93
\thousandpoint=\dimen110
\onerealpoint=\dimen111
\emptytoks=\toks17
\nextbox=\box27
\nextdepth=\dimen112
\everyline=\toks18
\!!counta=\count94
\!!countb=\count95
\recursecounter=\count96
)
loading : Context Support Macros / PDF (2004.03.26)
\nofMPsegments=\count97
\nofMParguments=\count98
\MPscratchCnt=\count99
\MPscratchDim=\dimen113
\MPnumerator=\count100
\everyMPtoPDFconversion=\toks19
)
Cap\'{\i }tulo 1.
<c45/C45Clearequalsparcializados.png, id=1, 1120.185pt x 646.415pt>
File: c45/C45Clearequalsparcializados.png Graphic file (type png)

<use c45/C45Clearequalsparcializados.png>
<c45/C45Rules.png, id=2, 1722.435pt x 1188.44pt>
File: c45/C45Rules.png Graphic file (type png)
 <use c45/C45Rules.png>
<myHasMap/addColumn.png, id=3, 1262.7175pt x 713.66624pt>
File: myHasMap/addColumn.png Graphic file (type png)

<use myHasMap/addColumn.png>
<myHasMap/SearchColumn.png, id=4, 1177.39874pt x 614.295pt>
File: myHasMap/SearchColumn.png Graphic file (type png)

<use myHasMap/SearchColumn.png>
<Route/avanceVariable.png, id=5, 569.12625pt x 193.72375pt>
File: Route/avanceVariable.png Graphic file (type png)

<use Route/avanceVariable.png>
<Route/getIndex.png, id=6, 551.05875pt x 420.57124pt>
File: Route/getIndex.png Graphic file (type png)
 <use Route/getIndex.png>
<Route/setPoscicionVariable.png, id=7, 507.8975pt x 203.76125pt>
File: Route/setPoscicionVariable.png Graphic file (type png)

<use Route/setPoscicionVariable.png>
<TreeCounter/createTree.png, id=8, 2620.79124pt x 1464.47125pt>
File: TreeCounter/createTree.png Graphic file (type png)

<use TreeCounter/createTree.png>
<TreeCounter/gananciaInicial.png, id=9, 834.11626pt x 320.19624pt>
File: TreeCounter/gananciaInicial.png Graphic file (type png)

<use TreeCounter/gananciaInicial.png>
<TreeCounter/ganancia.png, id=10, 2734.215pt x 1167.36125pt>
File: TreeCounter/ganancia.png Graphic file (type png)

<use TreeCounter/ganancia.png>
<TreeCounter/searchAttribute.png, id=11, 1111.15125pt x 629.35126pt>
File: TreeCounter/searchAttribute.png Graphic file (type png)

<use TreeCounter/searchAttribute.png>
<TreeCounter/seeTree.png, id=12, 706.64pt x 638.385pt>
File: TreeCounter/seeTree.png Graphic file (type png)

<use TreeCounter/seeTree.png>
<Attribute/log2.png, id=13, 404.51125pt x 245.91875pt>
File: Attribute/log2.png Graphic file (type png)

<use Attribute/log2.png>
<Attribute/setEntropia.png, id=14, 754.82pt x 348.30125pt>
File: Attribute/setEntropia.png Graphic file (type png)

<use Attribute/setEntropia.png>
<Node/addSon.png, id=15, 898.35625pt x 431.6125pt>
File: Node/addSon.png Graphic file (type png)
 <use Node/addSon.png>
<Node/getIndexOfChild.png, id=16, 584.1825pt x 306.14375pt>
File: Node/getIndexOfChild.png Graphic file (type png)

<use Node/getIndexOfChild.png> [1

{/usr/share/texmf-var/fonts/map/pdftex/updmap/pdftex.map} <./c45/C45Clearequals
parcializados.png>] [2 <./c45/C45Rules.png>]
[3 <./myHasMap/addColumn.png>] [4 <./myHasMap/SearchColumn.png>] [5 <./Route/av
anceVariable.png> <./Route/getIndex.png>] [6 <./Route/setPoscicionVariable.png>
] [7 <./TreeCounter/createTree.png>] [8 <./TreeCounter/gananciaInicial.png>]
[9 <./TreeCounter/ganancia.png>] [10 <./TreeCounter/searchAttribute.png> <./Tre
eCounter/seeTree.png>] [11 <./Attribute/log2.png> <./Attribute/setEntropia.png>
] [12 <./Node/addSon.png> <./Node/getIndexOfChild.png>] (./secuencias3.aux) ) 
Here is how much of TeX's memory you used:
 1543 strings out of 94501
 19638 string characters out of 1173693
 73243 words of memory out of 1000000
 4727 multiletter control sequences out of 10000+50000
 5150 words of font info for 19 fonts, out of 500000 for 2000
 580 hyphenation exceptions out of 1000
 25i,6n,25p,227b,213s stack positions out of 1500i,500n,5000p,200000b,5000s
PDF statistics:
 60 PDF objects out of 300000
 0 named destinations out of 131072
 81 words of extra memory for PDF output out of 65536
</
usr/share/texmf/fonts/type1/bluesky/cm/cmr12.pfb></usr/share/texmf/fonts/type1/
bluesky/cm/cmbx12.pfb>
Output written on secuencias3.pdf (12 pages, 377945 bytes).
